C51 COMPILER V9.54   MAIN                                                                  12/28/2020 22:36:26 PAGE 1   


C51 COMPILER V9.54, COMPILATION OF MODULE MAIN
OBJECT MODULE PLACED IN main.OBJ
COMPILER INVOKED BY: D:\Program Files SSD\Keil5\C51\BIN\C51.EXE main.c LARGE OPTIMIZE(8,SPEED) BROWSE DEBUG OBJECTEXTEND
                    - TABS(2)

line level    source

   1          /*==========MP3音乐播放器============
   2            芯片：STC12C5A60S2
   3            晶振：11.0592MHz
   4            串口：9600bps
   5            引脚：IN0 = P3^3; （震荡）
   6                  IRIN = P3^2;（红外）
   7                  UART1_RXD = P3^0;
   8                  UART1_TXD = P3^1;（MP3_TF模块）
   9                  UART2_RXD = P1^2;
  10                  UART2_TXD = P1^3;（串口屏）
  11            电源：USB/5V2A稳压源
  12            硬件：BY8001-16P/5W扬声器/UsartgGpu 26BK-PTF 
  13            开发：严雅岚 杨鑫宇 叶子强
  14          /*=============main.c================
  15            程序主入口
  16          ====================================*/
  17          #include "operation.h"
  18          #include "value.h"
  19          #include "GpuUI.h"
  20          #include "delay.h"
  21          #include "gpuOrder.h"
  22          #include "mp3Order.h"
  23          void main(){
  24   1        
  25   1        InitAll();
  26   1        //主线程消息队列
  27   1        while(1){
  28   2          keyScan();
  29   2          if(keyDone){  //按键，待处理
  30   3            keyDone = 0;
  31   3            ProcessKEY_IR(0);
  32   3          }
  33   2          if(IRDone && IRProcessOK){  //红外，待处理
  34   3            IRDone = 0;
  35   3            ProcessKEY_IR(1);
  36   3          }
  37   2          if(shakeNext){  //振荡，待处理
  38   3            shakeNext = 0;
  39   3            shakeProcess();
  40   3          }
  41   2          if(currentTimePaint&& currentSecPaint){ //用于绘制播放时长进度条，待处理
  42   3            currentSecPaint = 0;
  43   3            GpuOrder_PlayAreaRepaint(timeCurrentR);
  44   3          }
  45   2          if(playReachEnd1){  //用于检测播放结束的自动刷新，待处理
  46   3            playReachEnd1 = 0;
  47   3            reachEndProcess();
  48   3          }
  49   2        }
  50   1      }
  51          


MODULE INFORMATION:   STATIC OVERLAYABLE
C51 COMPILER V9.54   MAIN                                                                  12/28/2020 22:36:26 PAGE 2   

   CODE SIZE        =     83    ----
   CONSTANT SIZE    =   ----    ----
   XDATA SIZE       =   ----    ----
   PDATA SIZE       =   ----    ----
   DATA SIZE        =   ----    ----
   IDATA SIZE       =   ----    ----
   BIT SIZE         =   ----    ----
END OF MODULE INFORMATION.


C51 COMPILATION COMPLETE.  0 WARNING(S),  0 ERROR(S)
